Disk_Application.exe: 000033B0: 11:37:45 []:>--------------------------------------------------------------<
Disk_Application.exe: 000033B0: 11:37:45 [TUniServerModule]:Server First Init.
Disk_Application.exe: 000033B0: 11:37:45 [TUniServerModule]:Start Path = C:\Users\CPUT\Documents\Embarcadero\Studio\Projects\Disk_Application\Win32\Debug\
Disk_Application.exe: 000033B0: 11:37:45 [TUniServerModule]:Starting HTTP Server on Port: 8077...
Disk_Application.exe: 000033B0: 11:37:45 [TUniServerModule]:HTTP Server Started on Port: 8077
Disk_Application.exe: 000033B0: 11:59:38 [TUniServerModule]:Shutting Down Server.
Disk_Application.exe: 000033B0: 11:59:38 [TUniServerModule]:Stopping HTTP Server.
Disk_Application.exe: 000033B0: 11:59:38 [TUniServerModule]:HTTP Server Stopped.
Disk_Application.exe: 000033B0: 11:59:38 [TUniGUISessionManager]:Terminating Session manager.
Disk_Application.exe: 000033B0: 11:59:38 [TUniGUISessionManager]:Stopping Cache Eraser...
Disk_Application.exe: 000033B0: 11:59:38 [TUniGUISessionManager]:Cache Eraser Stopped.
Disk_Application.exe: 000033B0: 11:59:38 [TUniGUISessionManager]:Destroying Worker Threads.
Disk_Application.exe: 000033B0: 11:59:38 [TUniGUISessionManager]:Session manager terminated.
Disk_Application.exe: 000033B0: 11:59:38 [TUniWebSocketStack]:Terminating...
Disk_Application.exe: 000033B0: 11:59:38 [TUniGUIMessageQ]:Terminated.
Disk_Application.exe: 000033B0: 11:59:38 [TUniWebSocketStack]:Terminated.
Disk_Application.exe: 000033B0: 11:59:38 [TUniServerModule]:Server Shutdown Completed.
Disk_Application.exe: 000033B0: 11:59:38 []:<-------------------------------------------------------------->
Disk_Application.exe: 000033B0: 11:59:38 [Terminated]:Exit Code: 0
Disk_Application.exe: 0000172C: 11:59:50 []:>--------------------------------------------------------------<
Disk_Application.exe: 0000172C: 11:59:50 [TUniServerModule]:Server First Init.
Disk_Application.exe: 0000172C: 11:59:50 [TUniServerModule]:Start Path = C:\Users\CPUT\Documents\Embarcadero\Studio\Projects\Disk_Application\Win32\Debug\
Disk_Application.exe: 0000172C: 11:59:50 [TUniServerModule]:Starting HTTP Server on Port: 8077...
Disk_Application.exe: 0000172C: 11:59:51 [TUniServerModule]:HTTP Server Started on Port: 8077
Disk_Application.exe: 0000318C: 11:59:54 [127.0.0.1]:EUniSessionException : Invalid session or session Timeout. (Session not found: jMZvXZQOi810EA1BED8 ) : Addr: $00AB13D9
Disk_Application.exe: 0000172C: 12:03:00 [TUniServerModule]:Shutting Down Server.
Disk_Application.exe: 0000172C: 12:03:00 [TUniServerModule]:Stopping HTTP Server.
Disk_Application.exe: 0000172C: 12:03:01 [TUniServerModule]:HTTP Server Stopped.
Disk_Application.exe: 0000172C: 12:03:01 [TUniGUISessionManager]:Terminating Session manager.
Disk_Application.exe: 0000172C: 12:03:01 [TUniGUISessionManager]:Stopping Cache Eraser...
Disk_Application.exe: 0000172C: 12:03:01 [TUniGUISessionManager]:Cache Eraser Stopped.
Disk_Application.exe: 0000172C: 12:03:01 [TUniGUISessionManager]:Destroying Worker Threads.
Disk_Application.exe: 0000172C: 12:03:01 [TUniGUISessionManager]:Session manager terminated.
Disk_Application.exe: 0000172C: 12:03:01 [TUniWebSocketStack]:Terminating...
Disk_Application.exe: 0000172C: 12:03:01 [TUniGUIMessageQ]:Terminated.
Disk_Application.exe: 0000172C: 12:03:01 [TUniWebSocketStack]:Terminated.
Disk_Application.exe: 0000172C: 12:03:01 [TUniServerModule]:Server Shutdown Completed.
Disk_Application.exe: 0000172C: 12:03:01 []:<-------------------------------------------------------------->
Disk_Application.exe: 0000172C: 12:03:01 [Terminated]:Exit Code: 0
Disk_Application.exe: 00002B94: 12:03:10 []:>--------------------------------------------------------------<
Disk_Application.exe: 00002B94: 12:03:10 [TUniServerModule]:Server First Init.
Disk_Application.exe: 00002B94: 12:03:10 [TUniServerModule]:Start Path = C:\Users\CPUT\Documents\Embarcadero\Studio\Projects\Disk_Application\Win32\Debug\
Disk_Application.exe: 00002B94: 12:03:10 [TUniGUISessionManager]:Cache erase job created, Folder count: [1]
Disk_Application.exe: 00002B94: 12:03:11 [TUniServerModule]:Starting HTTP Server on Port: 8077...
Disk_Application.exe: 00002B94: 12:03:11 [TUniServerModule]:HTTP Server Started on Port: 8077
Disk_Application.exe: 0000389C: 12:03:15 [127.0.0.1]:EUniSessionException : Invalid session or session Timeout. (Session not found: LXzUleldNB10EA1C4CA ) : Addr: $012713D9
Disk_Application.exe: 00002B94: 12:18:21 [TUniServerModule]:Shutting Down Server.
Disk_Application.exe: 00002B94: 12:18:21 [TUniServerModule]:Stopping HTTP Server.
Disk_Application.exe: 00002B94: 12:18:22 [TUniServerModule]:HTTP Server Stopped.
Disk_Application.exe: 00002B94: 12:18:22 [TUniGUISessionManager]:Terminating Session manager.
Disk_Application.exe: 00002B94: 12:18:22 [TUniGUISessionManager]:Stopping Cache Eraser...
Disk_Application.exe: 00002B94: 12:18:22 [TUniGUISessionManager]:Cache Eraser Stopped.
Disk_Application.exe: 00002B94: 12:18:22 [TUniGUISessionManager]:Destroying Worker Threads.
Disk_Application.exe: 00002B94: 12:18:22 [TUniGUISessionManager]:Session manager terminated.
Disk_Application.exe: 00002B94: 12:18:22 [TUniWebSocketStack]:Terminating...
Disk_Application.exe: 00002B94: 12:18:22 [TUniGUIMessageQ]:Terminated.
Disk_Application.exe: 00002B94: 12:18:23 [TUniWebSocketStack]:Terminated.
Disk_Application.exe: 00002B94: 12:18:23 [TUniServerModule]:Server Shutdown Completed.
Disk_Application.exe: 00002B94: 12:18:23 []:<-------------------------------------------------------------->
Disk_Application.exe: 00002B94: 12:18:23 [Terminated]:Exit Code: 0
Disk_Application.exe: 000039BC: 12:18:27 []:>--------------------------------------------------------------<
Disk_Application.exe: 000039BC: 12:18:27 [TUniServerModule]:Server First Init.
Disk_Application.exe: 000039BC: 12:18:27 [TUniServerModule]:Start Path = C:\Users\CPUT\Documents\Embarcadero\Studio\Projects\Disk_Application\Win32\Debug\
Disk_Application.exe: 000039BC: 12:18:27 [TUniServerModule]:Starting HTTP Server on Port: 8077...
Disk_Application.exe: 000039BC: 12:18:28 [TUniServerModule]:HTTP Server Started on Port: 8077
Disk_Application.exe: 00000664: 12:18:35 [127.0.0.1]:EUniSessionException : Invalid session or session Timeout. (Session not found: CMLEPQylNW10EA1C5B2 ) : Addr: $00B71601
Disk_Application.exe: 000039BC: 12:33:40 [TUniServerModule]:Shutting Down Server.
Disk_Application.exe: 000039BC: 12:33:40 [TUniServerModule]:Stopping HTTP Server.
Disk_Application.exe: 000039BC: 12:33:40 [TUniServerModule]:HTTP Server Stopped.
Disk_Application.exe: 000039BC: 12:33:40 [TUniGUISessionManager]:Terminating Session manager.
Disk_Application.exe: 000039BC: 12:33:41 [TUniGUISessionManager]:Stopping Cache Eraser...
Disk_Application.exe: 000039BC: 12:33:41 [TUniGUISessionManager]:Cache Eraser Stopped.
Disk_Application.exe: 000039BC: 12:33:41 [TUniGUISessionManager]:Destroying Worker Threads.
Disk_Application.exe: 000039BC: 12:33:41 [TUniGUISessionManager]:Session manager terminated.
Disk_Application.exe: 000039BC: 12:33:41 [TUniWebSocketStack]:Terminating...
Disk_Application.exe: 000039BC: 12:33:41 [TUniGUIMessageQ]:Terminated.
Disk_Application.exe: 000039BC: 12:33:41 [TUniWebSocketStack]:Terminated.
Disk_Application.exe: 000039BC: 12:33:41 [TUniServerModule]:Server Shutdown Completed.
Disk_Application.exe: 000039BC: 12:33:41 []:<-------------------------------------------------------------->
Disk_Application.exe: 000039BC: 12:33:41 [Terminated]:Exit Code: 0
Disk_Application.exe: 0000321C: 12:33:46 []:>--------------------------------------------------------------<
Disk_Application.exe: 0000321C: 12:33:46 [TUniServerModule]:Server First Init.
Disk_Application.exe: 0000321C: 12:33:46 [TUniServerModule]:Start Path = C:\Users\CPUT\Documents\Embarcadero\Studio\Projects\Disk_Application\Win32\Debug\
Disk_Application.exe: 0000321C: 12:33:46 [TUniServerModule]:Starting HTTP Server on Port: 8077...
Disk_Application.exe: 0000321C: 12:33:46 [TUniServerModule]:HTTP Server Started on Port: 8077
Disk_Application.exe: 00002FAC: 12:33:55 [127.0.0.1]:EUniSessionException : Invalid session or session Timeout. (Session not found: EqdeTXcxMA10EA1C9DB ) : Addr: $01291601
Disk_Application.exe: 0000321C: 12:37:44 [TUniServerModule]:Shutting Down Server.
Disk_Application.exe: 0000321C: 12:37:44 [TUniServerModule]:Stopping HTTP Server.
Disk_Application.exe: 0000321C: 12:37:46 [TUniServerModule]:HTTP Server Stopped.
Disk_Application.exe: 0000321C: 12:37:46 [TUniGUISessionManager]:Terminating Session manager.
Disk_Application.exe: 0000321C: 12:37:48 [TUniGUISessionManager]:Stopping Cache Eraser...
Disk_Application.exe: 0000321C: 12:37:48 [TUniGUISessionManager]:Cache Eraser Stopped.
Disk_Application.exe: 0000321C: 12:37:49 [TUniGUISessionManager]:Destroying Worker Threads.
Disk_Application.exe: 0000321C: 12:37:49 [TUniGUISessionManager]:Session manager terminated.
Disk_Application.exe: 0000321C: 12:37:50 [TUniWebSocketStack]:Terminating...
Disk_Application.exe: 0000321C: 12:37:50 [TUniGUIMessageQ]:Terminated.
Disk_Application.exe: 0000321C: 12:37:51 [TUniWebSocketStack]:Terminated.
Disk_Application.exe: 0000321C: 12:37:51 [TUniServerModule]:Server Shutdown Completed.
Disk_Application.exe: 0000321C: 12:37:51 []:<-------------------------------------------------------------->
Disk_Application.exe: 0000321C: 12:37:51 [Terminated]:Exit Code: 0
Disk_Application.exe: 00000A04: 12:38:06 []:>--------------------------------------------------------------<
Disk_Application.exe: 00000A04: 12:38:06 [TUniServerModule]:Server First Init.
Disk_Application.exe: 00000A04: 12:38:06 [TUniServerModule]:Start Path = C:\Users\CPUT\Documents\Embarcadero\Studio\Projects\Disk_Application\Win32\Debug\
Disk_Application.exe: 00000A04: 12:38:06 [TUniGUISessionManager]:Cache erase job created, Folder count: [1]
Disk_Application.exe: 00000A04: 12:38:07 [TUniServerModule]:Starting HTTP Server on Port: 8077...
Disk_Application.exe: 00000A04: 12:38:07 [TUniServerModule]:HTTP Server Started on Port: 8077
Disk_Application.exe: 00002548: 12:38:08 [127.0.0.1]:EUniSessionException : Invalid session or session Timeout. (Session not found: eOUZqE7iJc10EA1CE04 ) : Addr: $00E11601
Disk_Application.exe: 00000A04: 12:50:22 [TUniServerModule]:Shutting Down Server.
Disk_Application.exe: 00000A04: 12:50:22 [TUniServerModule]:Stopping HTTP Server.
Disk_Application.exe: 00000A04: 12:50:23 [TUniServerModule]:HTTP Server Stopped.
Disk_Application.exe: 00000A04: 12:50:23 [TUniGUISessionManager]:Terminating Session manager.
Disk_Application.exe: 00000A04: 12:50:23 [TUniGUISessionManager]:Stopping Cache Eraser...
Disk_Application.exe: 00000A04: 12:50:23 [TUniGUISessionManager]:Cache Eraser Stopped.
Disk_Application.exe: 00000A04: 12:50:23 [TUniGUISessionManager]:Destroying Worker Threads.
Disk_Application.exe: 00000A04: 12:50:23 [TUniGUISessionManager]:Session manager terminated.
Disk_Application.exe: 00000A04: 12:50:23 [TUniWebSocketStack]:Terminating...
Disk_Application.exe: 00000A04: 12:50:23 [TUniGUIMessageQ]:Terminated.
Disk_Application.exe: 00000A04: 12:50:23 [TUniWebSocketStack]:Terminated.
Disk_Application.exe: 00000A04: 12:50:23 [TUniServerModule]:Server Shutdown Completed.
Disk_Application.exe: 00000A04: 12:50:23 []:<-------------------------------------------------------------->
Disk_Application.exe: 00000A04: 12:50:23 [Terminated]:Exit Code: 0
Disk_Application.exe: 000038B4: 12:50:29 []:>--------------------------------------------------------------<
Disk_Application.exe: 000038B4: 12:50:29 [TUniServerModule]:Server First Init.
Disk_Application.exe: 000038B4: 12:50:29 [TUniServerModule]:Start Path = C:\Users\CPUT\Documents\Embarcadero\Studio\Projects\Disk_Application\Win32\Debug\
Disk_Application.exe: 000038B4: 12:50:29 [TUniServerModule]:Starting HTTP Server on Port: 8077...
Disk_Application.exe: 000038B4: 12:50:29 [TUniServerModule]:HTTP Server Started on Port: 8077
Disk_Application.exe: 00002F10: 12:50:33 [127.0.0.1]:EUniSessionException : Invalid session or session Timeout. (Session not found: oD29zJLNsP10EA1CF28 ) : Addr: $004C1601
Disk_Application.exe: 000038B4: 12:55:25 [TUniServerModule]:Shutting Down Server.
Disk_Application.exe: 000038B4: 12:55:25 [TUniServerModule]:Stopping HTTP Server.
Disk_Application.exe: 000038B4: 12:55:26 [TUniServerModule]:HTTP Server Stopped.
Disk_Application.exe: 000038B4: 12:55:26 [TUniGUISessionManager]:Terminating Session manager.
Disk_Application.exe: 000038B4: 12:55:26 [TUniGUISessionManager]:Stopping Cache Eraser...
Disk_Application.exe: 000038B4: 12:55:26 [TUniGUISessionManager]:Cache Eraser Stopped.
Disk_Application.exe: 000038B4: 12:55:26 [TUniGUISessionManager]:Destroying Worker Threads.
Disk_Application.exe: 000038B4: 12:55:26 [TUniGUISessionManager]:Session manager terminated.
Disk_Application.exe: 000038B4: 12:55:26 [TUniWebSocketStack]:Terminating...
Disk_Application.exe: 000038B4: 12:55:26 [TUniGUIMessageQ]:Terminated.
Disk_Application.exe: 000038B4: 12:55:26 [TUniWebSocketStack]:Terminated.
Disk_Application.exe: 000038B4: 12:55:26 [TUniServerModule]:Server Shutdown Completed.
Disk_Application.exe: 000038B4: 12:55:26 []:<-------------------------------------------------------------->
Disk_Application.exe: 000038B4: 12:55:26 [Terminated]:Exit Code: 0
Disk_Application.exe: 00002B58: 12:55:31 []:>--------------------------------------------------------------<
Disk_Application.exe: 00002B58: 12:55:31 [TUniServerModule]:Server First Init.
Disk_Application.exe: 00002B58: 12:55:31 [TUniServerModule]:Start Path = C:\Users\CPUT\Documents\Embarcadero\Studio\Projects\Disk_Application\Win32\Debug\
Disk_Application.exe: 00002B58: 12:55:31 [TUniServerModule]:Starting HTTP Server on Port: 8077...
Disk_Application.exe: 00002B58: 12:55:31 [TUniServerModule]:HTTP Server Started on Port: 8077
Disk_Application.exe: 00003814: 12:55:40 [127.0.0.1]:EUniSessionException : Invalid session or session Timeout. (Session not found: QquSl7BLR910EA1D286 ) : Addr: $00B51601
Disk_Application.exe: 00002BC0: 13:03:55 [127.0.0.1]:EUniSessionException : Invalid session or session Timeout. (Session not found: OtMeCUrLOr10EA1D3EA ) : Addr: $00B51601
Disk_Application.exe: 00002B58: 13:04:29 [Exit]:Unexpected attempt to terminate server application with Exit Code: 0
